<?xml version="1.0" encoding="UTF-8"?>
<testng-results ignored="0" total="2" passed="2" failed="0" skipped="0">
  <reporter-output>
  </reporter-output>
  <suite started-at="2023-09-05T09:44:27 IST" name="Default suite" finished-at="2023-09-05T09:44:36 IST" duration-ms="9674">
    <groups>
    </groups>
    <test started-at="2023-09-05T09:44:27 IST" name="Default test" finished-at="2023-09-05T09:44:36 IST" duration-ms="9674">
      <class name="test1">
        <test-method is-config="true" signature="a()[pri:0, instance:test1@17f9d882]" started-at="2023-09-05T09:44:27 IST" name="a" finished-at="2023-09-05T09:44:27 IST" duration-ms="14" status="PASS">
          <reporter-output>
          </reporter-output>
        </test-method> <!-- a -->
        <test-method is-config="true" signature="x()[pri:0, instance:test1@17f9d882]" started-at="2023-09-05T09:44:27 IST" name="x" finished-at="2023-09-05T09:44:27 IST" duration-ms="1" status="PASS">
          <reporter-output>
          </reporter-output>
        </test-method> <!-- x -->
        <test-method signature="f()[pri:0, instance:test1@17f9d882]" started-at="2023-09-05T09:44:27 IST" name="f" finished-at="2023-09-05T09:44:33 IST" duration-ms="5932" status="PASS">
          <reporter-output>
          </reporter-output>
        </test-method> <!-- f -->
        <test-method signature="f1()[pri:0, instance:test1@17f9d882]" started-at="2023-09-05T09:44:33 IST" name="f1" finished-at="2023-09-05T09:44:36 IST" duration-ms="3658" status="PASS">
          <reporter-output>
          </reporter-output>
        </test-method> <!-- f1 -->
      </class> <!-- test1 -->
    </test> <!-- Default test -->
  </suite> <!-- Default suite -->
</testng-results>
