<?xml version="1.0" encoding="UTF-8"?>
<testng-results ignored="0" total="1" passed="1" failed="0" skipped="0">
  <reporter-output>
  </reporter-output>
  <suite started-at="2023-09-11T14:29:32 IST" name="Default suite" finished-at="2023-09-11T14:29:37 IST" duration-ms="5459">
    <groups>
    </groups>
    <test started-at="2023-09-11T14:29:32 IST" name="Default test" finished-at="2023-09-11T14:29:37 IST" duration-ms="5459">
      <class name="com.jpackage.NewTest">
        <test-method signature="f()[pri:0, instance:com.jpackage.NewTest@644baf4a]" started-at="2023-09-11T14:29:32 IST" name="f" finished-at="2023-09-11T14:29:37 IST" duration-ms="5387" status="PASS">
          <reporter-output>
          </reporter-output>
        </test-method> <!-- f -->
      </class> <!-- com.jpackage.NewTest -->
    </test> <!-- Default test -->
  </suite> <!-- Default suite -->
</testng-results>
