<?xml version="1.0" encoding="UTF-8"?>
<!-- Generated by org.testng.reporters.JUnitXMLReporter -->
<testsuite ignored="2" hostname="L-INE-6GRQVG3" failures="0" tests="2" name="Test" time="6.089" errors="0" timestamp="2023-09-04T17:56:10 IST">
  <testcase classname="GroupMethod" name="f1" time="3.964"/>
  <testcase classname="GroupMethod" name="f2" time="2.057"/>
  <testcase classname="GroupMethod" name="f3" time="0.0">
    <ignored/>
  </testcase> <!-- f3 -->
  <testcase classname="GroupMethod" name="f" time="0.0">
    <ignored/>
  </testcase> <!-- f -->
</testsuite> <!-- Test -->
